<?xml version="1.0" encoding="UTF-8"?>
<!-- Generated by org.testng.reporters.JUnitXMLReporter -->
<testsuite ignored="0" hostname="LTIN260857" failures="0" tests="4" name="Surefire test" time="0.243" errors="0" timestamp="2023-09-07T15:08:11 IST">
  <testcase classname="basepackage.BaseClass" name="@BeforeClass setup" time="-1.694079491727E9">
    <failure type="org.testng.TestNGException" message="
Parameter &amp;apos;browser&amp;apos; is required by BeforeClass on method setup but has not been marked @Optional or defined
">
      <![CDATA[org.testng.TestNGException: 
Parameter 'browser' is required by BeforeClass on method setup but has not been marked @Optional or defined

at java.base/java.util.ArrayList.forEach(ArrayList.java:1511)
... Removed 27 stack frames]]>
    </failure>
  </testcase> <!-- @BeforeClass setup -->
  <testcase classname="basepackage.BaseClass" name="@AfterClass teardown" time="0.0">
    <skipped/>
  </testcase> <!-- @AfterClass teardown -->
  <testcase classname="basepackage.BaseClass" name="@BeforeClass setup" time="-1.694079491835E9">
    <failure type="org.testng.TestNGException" message="
Parameter &amp;apos;browser&amp;apos; is required by BeforeClass on method setup but has not been marked @Optional or defined
">
      <![CDATA[org.testng.TestNGException: 
Parameter 'browser' is required by BeforeClass on method setup but has not been marked @Optional or defined

at java.base/java.util.ArrayList.forEach(ArrayList.java:1511)
... Removed 27 stack frames]]>
    </failure>
  </testcase> <!-- @BeforeClass setup -->
  <testcase classname="basepackage.BaseClass" name="@AfterClass teardown" time="0.0">
    <skipped/>
  </testcase> <!-- @AfterClass teardown -->
  <testcase classname="testpackage.TC_001_ProfServicesTest" name="test_profservices" time="0.0">
    <skipped/>
  </testcase> <!-- test_profservices -->
  <testcase classname="testpackage.TC_001_ProfServicesTest" name="test_fillForm" time="0.0">
    <skipped/>
  </testcase> <!-- test_fillForm -->
  <testcase classname="testpackage.TC_002_LearningTest" name="test_learning" time="0.0">
    <skipped/>
  </testcase> <!-- test_learning -->
  <testcase classname="testpackage.TC_002_LearningTest" name="test_signin" time="0.001">
    <skipped/>
  </testcase> <!-- test_signin -->
</testsuite> <!-- Surefire test -->
